<?xml version="1.0" encoding="UTF-8"?>
<testng-results ignored="0" total="1" passed="1" failed="0" skipped="0">
  <reporter-output>
  </reporter-output>
  <suite started-at="2023-05-26T15:54:32 IST" name="Surefire suite" finished-at="2023-05-26T15:54:52 IST" duration-ms="19438">
    <groups>
      <group name="cucumber">
        <method signature="AbstractTestNGCucumberTests.runScenario(io.cucumber.testng.PickleWrapper,io.cucumber.testng.FeatureWrapper)[pri:0, instance:TestLauncher.TestRunner@1f9f6368]" name="runScenario" class="io.cucumber.testng.AbstractTestNGCucumberTests"/>
      </group> <!-- cucumber -->
    </groups>
    <test started-at="2023-05-26T15:54:32 IST" name="Surefire test" finished-at="2023-05-26T15:54:52 IST" duration-ms="19438">
      <class name="TestLauncher.TestRunner">
        <test-method is-config="true" signature="setUpClass(org.testng.ITestContext)[pri:0, instance:TestLauncher.TestRunner@1f9f6368]" started-at="2023-05-26T15:54:32 IST" name="setUpClass" finished-at="2023-05-26T15:54:33 IST" duration-ms="501" status="PASS">
          <params>
            <param index="0">
              <value>
                <![CDATA[org.testng.TestRunner@256aabbe]]>
              </value>
            </param>
          </params>
          <reporter-output>
          </reporter-output>
        </test-method> <!-- setUpClass -->
        <test-method signature="runScenario(io.cucumber.testng.PickleWrapper,io.cucumber.testng.FeatureWrapper)[pri:0, instance:TestLauncher.TestRunner@1f9f6368]" started-at="2023-05-26T15:54:33 IST" name="runScenario" description="Runs Cucumber Scenarios" data-provider="scenarios" finished-at="2023-05-26T15:54:51 IST" duration-ms="18118" status="PASS">
          <params>
            <param index="0">
              <value>
                <![CDATA["TC_002_POST_API_With Token"]]>
              </value>
            </param>
            <param index="1">
              <value>
                <![CDATA["Books Api TestCase"]]>
              </value>
            </param>
          </params>
          <reporter-output>
          </reporter-output>
        </test-method> <!-- runScenario -->
        <test-method is-config="true" signature="tearDownClass()[pri:0, instance:TestLauncher.TestRunner@1f9f6368]" started-at="2023-05-26T15:54:51 IST" name="tearDownClass" finished-at="2023-05-26T15:54:52 IST" duration-ms="783" status="PASS">
          <reporter-output>
          </reporter-output>
        </test-method> <!-- tearDownClass -->
      </class> <!-- TestLauncher.TestRunner -->
    </test> <!-- Surefire test -->
  </suite> <!-- Surefire suite -->
</testng-results>
