<?xml version="1.0" encoding="UTF-8"?>
<testng-results ignored="0" total="1" passed="1" failed="0" skipped="0">
  <reporter-output>
  </reporter-output>
  <suite started-at="2023-05-26T15:36:53 IST" name="Default suite" finished-at="2023-05-26T15:37:01 IST" duration-ms="7945">
    <groups>
      <group name="cucumber">
        <method signature="AbstractTestNGCucumberTests.runScenario(io.cucumber.testng.PickleWrapper,io.cucumber.testng.FeatureWrapper)[pri:0, instance:TestLauncher.TestRunner@55c53a33]" name="runScenario" class="io.cucumber.testng.AbstractTestNGCucumberTests"/>
      </group> <!-- cucumber -->
    </groups>
    <test started-at="2023-05-26T15:36:53 IST" name="Default test" finished-at="2023-05-26T15:37:01 IST" duration-ms="7945">
      <class name="TestLauncher.TestRunner">
        <test-method is-config="true" signature="setUpClass(org.testng.ITestContext)[pri:0, instance:TestLauncher.TestRunner@55c53a33]" started-at="2023-05-26T15:36:53 IST" name="setUpClass" finished-at="2023-05-26T15:36:53 IST" duration-ms="470" status="PASS">
          <params>
            <param index="0">
              <value>
                <![CDATA[org.testng.TestRunner@69d667a5]]>
              </value>
            </param>
          </params>
          <reporter-output>
          </reporter-output>
        </test-method> <!-- setUpClass -->
        <test-method signature="runScenario(io.cucumber.testng.PickleWrapper,io.cucumber.testng.FeatureWrapper)[pri:0, instance:TestLauncher.TestRunner@55c53a33]" started-at="2023-05-26T15:36:53 IST" name="runScenario" description="Runs Cucumber Scenarios" data-provider="scenarios" finished-at="2023-05-26T15:37:00 IST" duration-ms="6715" status="PASS">
          <params>
            <param index="0">
              <value>
                <![CDATA["TC_006_SartuceDemo"]]>
              </value>
            </param>
            <param index="1">
              <value>
                <![CDATA["SaucesDemo TestCase"]]>
              </value>
            </param>
          </params>
          <reporter-output>
          </reporter-output>
        </test-method> <!-- runScenario -->
        <test-method is-config="true" signature="tearDownClass()[pri:0, instance:TestLauncher.TestRunner@55c53a33]" started-at="2023-05-26T15:37:00 IST" name="tearDownClass" finished-at="2023-05-26T15:37:01 IST" duration-ms="707" status="PASS">
          <reporter-output>
          </reporter-output>
        </test-method> <!-- tearDownClass -->
      </class> <!-- TestLauncher.TestRunner -->
    </test> <!-- Default test -->
  </suite> <!-- Default suite -->
</testng-results>
